[    13.836] 
X.Org X Server 1.21.1.18
X Protocol Version 11, Revision 0
[    13.836] Current Operating System: Linux nixos 6.15.7 #1-NixOS SMP PREEMPT_DYNAMIC Thu Jul 17 16:44:05 UTC 2025 x86_64
[    13.836] Kernel command line: BOOT_IMAGE=(hd0,msdos1)/nix/store/31lv2v075q36pv5ff45sjv6i8gp42qya-linux-6.15.7/bzImage init=/nix/store/n69crl6g85v9i836amasqfwh9zv32lsb-nixos-system-nixos-25.05.806796.92c2e04a4755/init loglevel=4 lsm=landlock,yama,bpf
[    13.836]  
[    13.836] Current version of pixman: 0.44.2
[    13.836] 	Before reporting problems, check http://wiki.x.org
	to make sure that you have the latest version.
[    13.836] Markers: (--) probed, (**) from config file, (==) default setting,
	(++) from command line, (!!) notice, (II) informational,
	(WW) warning, (EE) error, (NI) not implemented, (??) unknown.
[    13.836] (==) Log file: "/home/somya/.local/share/xorg/Xorg.0.log", Time: Tue Aug  5 10:55:33 2025
[    13.836] (++) Using config file: "/nix/store/qwfz6w98jcm3mix08hqszyq9xb9phaji-xserver.conf"
[    13.836] (==) Using config directory: "/etc/X11/xorg.conf.d"
[    13.836] (==) Using system config directory "/nix/store/ykck7gdd6szwrb3qnpb5y5fvjlnmzhz0-xorg-server-21.1.18/share/X11/xorg.conf.d"
[    13.837] (==) ServerLayout "Layout[all]"
[    13.837] (**) |-->Screen "Screen-modesetting[0]" (0)
[    13.837] (**) |   |-->Monitor "<default monitor>"
[    13.837] (**) |   |-->Device "Device-modesetting[0]"
[    13.837] (==) No monitor specified for screen "Screen-modesetting[0]".
	Using a default monitor configuration.
[    13.837] (**) |-->Screen "Screen-fbdev[0]" (1)
[    13.837] (**) |   |-->Monitor "<default monitor>"
[    13.837] (**) |   |-->Device "Device-fbdev[0]"
[    13.837] (==) No monitor specified for screen "Screen-fbdev[0]".
	Using a default monitor configuration.
[    13.837] (**) Option "DontZap" "on"
[    13.837] (**) Option "AllowMouseOpenFail" "on"
[    13.837] (**) Allowing byte-swapped clients
[    13.837] (==) Automatically adding devices
[    13.837] (==) Automatically enabling devices
[    13.837] (==) Automatically adding GPU devices
[    13.837] (==) Automatically binding GPU devices
[    13.837] (==) Max clients allowed: 256, resource mask: 0x1fffff
[    13.841] (**) FontPath set to:
	/nix/store/br5444v4f1fiyr0wkxpz563h431ixbw5-font-cursor-misc-1.0.4/lib/X11/fonts/misc,
	/nix/store/sfkyv775plsngjza4wdwibw0q4a0l6i1-font-misc-misc-1.1.3/lib/X11/fonts/misc,
	/nix/store/59g15cw0i0jhnk5801acxgxr2pph8fic-unifont-16.0.03/share/fonts,
	/nix/store/xld5rgdg8l37aw6wk3ss95y8xygyjx54-font-adobe-100dpi-1.0.4/lib/X11/fonts/100dpi,
	/nix/store/r4zdn7769d8cywm55sbx654mfwswdnv9-font-adobe-75dpi-1.0.4/lib/X11/fonts/75dpi
[    13.841] (**) ModulePath set to "/nix/store/lx6x6hsap5zlrwx6rhq6g1pgx7rrbja1-xf86-video-fbdev-0.5.0/lib/xorg/modules,/nix/store/ykck7gdd6szwrb3qnpb5y5fvjlnmzhz0-xorg-server-21.1.18/lib/xorg/modules,/nix/store/x6lzdk0cmgrk2r8khxbgip5n41yg7jvs-xf86-input-evdev-2.11.0/lib/xorg/modules,/nix/store/f83gbb2wmwmxg3c920iircg4r145jl6a-xf86-input-libinput-1.5.0/lib/xorg/modules"
[    13.841] (II) The server relies on udev to provide the list of input devices.
	If no devices become available, reconfigure udev or disable AutoAddDevices.
[    13.841] (II) Loader magic: 0x659e40
[    13.841] (II) Module ABI versions:
[    13.841] 	X.Org ANSI C Emulation: 0.4
[    13.841] 	X.Org Video Driver: 25.2
[    13.841] 	X.Org XInput driver : 24.4
[    13.841] 	X.Org Server Extension : 10.0
[    13.841] (++) using VT number 2

[    13.841] (--) controlling tty is VT number 2, auto-enabling KeepTty
[    13.842] (II) systemd-logind: took control of session /org/freedesktop/login1/session/_31
[    13.842] (II) xfree86: Adding drm device (/dev/dri/card0)
[    13.842] (II) Platform probe for /sys/devices/pci0000:00/0000:00:01.0/drm/card0
[    13.842] (II) systemd-logind: got fd for /dev/dri/card0 226:0 fd 16 paused 0
[    13.844] (--) PCI:*(0@0:1:0) 1af4:1050:1af4:1100 rev 1, Mem @ 0xfc000000/8388608, 0x70e0000000/16384, 0xfea14000/4096, BIOS @ 0x????????/131072
[    13.844] (WW) Open ACPI failed (/var/run/acpid.socket) (No such file or directory)
[    13.844] (II) "glx" will be loaded by default.
[    13.844] (II) LoadModule: "glx"
[    13.845] (II) Loading /nix/store/ykck7gdd6szwrb3qnpb5y5fvjlnmzhz0-xorg-server-21.1.18/lib/xorg/modules/extensions/libglx.so
[    13.852] (II) Module glx: vendor="X.Org Foundation"
[    13.852] 	compiled for 1.21.1.18, module version = 1.0.0
[    13.852] 	ABI class: X.Org Server Extension, version 10.0
[    13.852] (II) LoadModule: "modesetting"
[    13.852] (II) Loading /nix/store/ykck7gdd6szwrb3qnpb5y5fvjlnmzhz0-xorg-server-21.1.18/lib/xorg/modules/drivers/modesetting_drv.so
[    13.853] (II) Module modesetting: vendor="X.Org Foundation"
[    13.853] 	compiled for 1.21.1.18, module version = 1.21.1
[    13.853] 	Module class: X.Org Video Driver
[    13.853] 	ABI class: X.Org Video Driver, version 25.2
[    13.853] (II) LoadModule: "fbdev"
[    13.853] (II) Loading /nix/store/lx6x6hsap5zlrwx6rhq6g1pgx7rrbja1-xf86-video-fbdev-0.5.0/lib/xorg/modules/drivers/fbdev_drv.so
[    13.853] (II) Module fbdev: vendor="X.Org Foundation"
[    13.853] 	compiled for 1.21.1.18, module version = 0.5.0
[    13.853] 	Module class: X.Org Video Driver
[    13.853] 	ABI class: X.Org Video Driver, version 25.2
[    13.853] (II) modesetting: Driver for Modesetting Kernel Drivers: kms
[    13.853] (II) FBDEV: driver for framebuffer: fbdev
[    13.853] (II) modeset(0): using drv /dev/dri/card0
[    13.853] (WW) Falling back to old probe method for fbdev
[    13.853] (II) Loading sub module "fbdevhw"
[    13.853] (II) LoadModule: "fbdevhw"
[    13.853] (II) Loading /nix/store/ykck7gdd6szwrb3qnpb5y5fvjlnmzhz0-xorg-server-21.1.18/lib/xorg/modules/libfbdevhw.so
[    13.854] (II) Module fbdevhw: vendor="X.Org Foundation"
[    13.854] 	compiled for 1.21.1.18, module version = 0.0.2
[    13.854] 	ABI class: X.Org Video Driver, version 25.2
[    13.854] (EE) open /dev/fb0: Permission denied
[    13.854] (WW) VGA arbiter: cannot open kernel arbiter, no multi-card support
[    13.854] (II) modeset(0): Creating default Display subsection in Screen section
	"Screen-modesetting[0]" for depth/fbbpp 24/32
[    13.854] (==) modeset(0): Depth 24, (==) framebuffer bpp 32
[    13.854] (==) modeset(0): RGB weight 888
[    13.854] (==) modeset(0): Default visual is TrueColor
[    13.854] (II) Loading sub module "glamoregl"
[    13.854] (II) LoadModule: "glamoregl"
[    13.854] (II) Loading /nix/store/ykck7gdd6szwrb3qnpb5y5fvjlnmzhz0-xorg-server-21.1.18/lib/xorg/modules/libglamoregl.so
[    13.859] (II) Module glamoregl: vendor="X.Org Foundation"
[    13.859] 	compiled for 1.21.1.18, module version = 1.0.1
[    13.859] 	ABI class: X.Org ANSI C Emulation, version 0.4
[    13.994] (II) modeset(0): glamor X acceleration enabled on virgl (Mesa Intel(R) Graphics (ADL GT2))
[    13.994] (II) modeset(0): glamor initialized
[    13.994] (==) modeset(0): VariableRefresh: disabled
[    13.994] (==) modeset(0): AsyncFlipSecondaries: disabled
[    13.994] (II) modeset(0): Output Virtual-1 has no monitor section
[    13.995] (II) modeset(0): EDID for output Virtual-1
[    13.995] (II) modeset(0): Manufacturer: RHT  Model: 1234  Serial#: 0
[    13.995] (II) modeset(0): Year: 2014  Week: 42
[    13.995] (II) modeset(0): EDID Version: 1.4
[    13.995] (II) modeset(0): Digital Display Input
[    13.995] (II) modeset(0): 8 bits per channel
[    13.995] (II) modeset(0): Digital interface is DisplayPort
[    13.995] (II) modeset(0): Max Image Size [cm]: horiz.: 32  vert.: 20
[    13.995] (II) modeset(0): Gamma: 2.20
[    13.995] (II) modeset(0): No DPMS capabilities specified
[    13.995] (II) modeset(0): Supported color encodings: RGB 4:4:4 
[    13.995] (II) modeset(0): Default color space is primary color space
[    13.995] (II) modeset(0): First detailed timing is preferred mode
[    13.995] (II) modeset(0): Preferred mode is native pixel format and refresh rate
[    13.995] (II) modeset(0): redX: 0.640 redY: 0.330   greenX: 0.300 greenY: 0.600
[    13.995] (II) modeset(0): blueX: 0.150 blueY: 0.060   whiteX: 0.312 whiteY: 0.329
[    13.995] (II) modeset(0): Supported established timings:
[    13.995] (II) modeset(0): 640x480@60Hz
[    13.995] (II) modeset(0): 800x600@60Hz
[    13.995] (II) modeset(0): 1024x768@60Hz
[    13.995] (II) modeset(0): Manufacturer's mask: 0
[    13.995] (II) modeset(0): Supported standard timings:
[    13.995] (II) modeset(0): #0: hsize: 2048  vsize 1152  refresh: 60  vid: 49377
[    13.995] (II) modeset(0): #1: hsize: 1920  vsize 1080  refresh: 60  vid: 49361
[    13.995] (II) modeset(0): #2: hsize: 1920  vsize 1200  refresh: 60  vid: 209
[    13.995] (II) modeset(0): #3: hsize: 1600  vsize 1200  refresh: 60  vid: 16553
[    13.995] (II) modeset(0): #4: hsize: 1680  vsize 1050  refresh: 60  vid: 179
[    13.995] (II) modeset(0): #5: hsize: 1440  vsize 900  refresh: 60  vid: 149
[    13.995] (II) modeset(0): #6: hsize: 1280  vsize 1024  refresh: 60  vid: 32897
[    13.995] (II) modeset(0): #7: hsize: 1280  vsize 960  refresh: 60  vid: 16513
[    13.995] (II) modeset(0): Supported detailed timing:
[    13.995] (II) modeset(0): clock: 107.3 MHz   Image Size:  325 x 203 mm
[    13.995] (II) modeset(0): h_active: 1280  h_sync: 1600  h_sync_end 1638 h_blank_end 1728 h_border: 0
[    13.995] (II) modeset(0): v_active: 800  v_sync: 804  v_sync_end 808 v_blanking: 828 v_border: 0
[    13.995] (II) modeset(0): Established timings III: (not decoded)
[    13.995] (II) modeset(0): Ranges: V min: 50 V max: 125 Hz, H min: 30 H max: 160 kHz,
[    13.995] (II) modeset(0): Monitor name: QEMU Monitor
[    13.995] (II) modeset(0): Number of EDID sections to follow: 1
[    13.995] (II) modeset(0): EDID (in hex):
[    13.995] (II) modeset(0): 	00ffffffffffff004914341200000000
[    13.995] (II) modeset(0): 	2a180104a520147806ee91a3544c9926
[    13.995] (II) modeset(0): 	0f5054210800e1c0d1c0d100a940b300
[    13.995] (II) modeset(0): 	950081808140ea2900c051201c304026
[    13.995] (II) modeset(0): 	444045cb10000018000000f7000a0040
[    13.995] (II) modeset(0): 	82002820000000000000000000fd0032
[    13.995] (II) modeset(0): 	7d1ea0ff010a202020202020000000fc
[    13.995] (II) modeset(0): 	0051454d55204d6f6e69746f720a013a
[    13.995] (II) modeset(0): 	02030b00467d6560591f610000001000
[    13.995] (II) modeset(0): 	00000000000000000000000000000000
[    13.995] (II) modeset(0): 	10000000000000000000000000000000
[    13.995] (II) modeset(0): 	00001000000000000000000000000000
[    13.995] (II) modeset(0): 	00000000100000000000000000000000
[    13.995] (II) modeset(0): 	00000000000010000000000000000000
[    13.995] (II) modeset(0): 	00000000000000001000000000000000
[    13.995] (II) modeset(0): 	0000000000000000000000000000002f
[    13.995] (II) modeset(0): Printing probed modes for output Virtual-1
[    13.995] (II) modeset(0): Modeline "1280x800"x75.0  107.30  1280 1600 1638 1728  800 804 808 828 -hsync -vsync (62.1 kHz eP)
[    13.995] (II) modeset(0): Modeline "5120x2160"x50.0  742.50  5120 6216 6304 6600  2160 2168 2178 2250 +hsync +vsync (112.5 kHz e)
[    13.995] (II) modeset(0): Modeline "4096x2160"x50.0  594.00  4096 5064 5152 5280  2160 2168 2178 2250 +hsync +vsync (112.5 kHz e)
[    13.995] (II) modeset(0): Modeline "3840x2160"x60.0  594.00  3840 4016 4104 4400  2160 2168 2178 2250 +hsync +vsync (135.0 kHz e)
[    13.995] (II) modeset(0): Modeline "3840x2160"x50.0  594.00  3840 4896 4984 5280  2160 2168 2178 2250 +hsync +vsync (112.5 kHz e)
[    13.995] (II) modeset(0): Modeline "3840x2160"x59.9  593.41  3840 4016 4104 4400  2160 2168 2178 2250 +hsync +vsync (134.9 kHz e)
[    13.995] (II) modeset(0): Modeline "1920x1440"x60.0  234.00  1920 2048 2256 2600  1440 1441 1444 1500 -hsync +vsync (90.0 kHz e)
[    13.995] (II) modeset(0): Modeline "2560x1080"x50.0  185.62  2560 3108 3152 3300  1080 1084 1089 1125 +hsync +vsync (56.2 kHz e)
[    13.995] (II) modeset(0): Modeline "1856x1392"x60.0  218.25  1856 1952 2176 2528  1392 1393 1396 1439 -hsync +vsync (86.3 kHz e)
[    13.995] (II) modeset(0): Modeline "1792x1344"x60.0  204.75  1792 1920 2120 2448  1344 1345 1348 1394 -hsync +vsync (83.6 kHz e)
[    13.995] (II) modeset(0): Modeline "2048x1152"x60.0  162.00  2048 2074 2154 2250  1152 1153 1156 1200 +hsync +vsync (72.0 kHz e)
[    13.995] (II) modeset(0): Modeline "1920x1200"x59.9  193.25  1920 2056 2256 2592  1200 1203 1209 1245 -hsync +vsync (74.6 kHz e)
[    13.995] (II) modeset(0): Modeline "1920x1080"x60.0  148.50  1920 2008 2052 2200  1080 1084 1089 1125 -hsync -vsync (67.5 kHz e)
[    13.995] (II) modeset(0): Modeline "1920x1080"x50.0  148.50  1920 2448 2492 2640  1080 1084 1089 1125 +hsync +vsync (56.2 kHz e)
[    13.995] (II) modeset(0): Modeline "1600x1200"x60.0  162.00  1600 1664 1856 2160  1200 1201 1204 1250 +hsync +vsync (75.0 kHz e)
[    13.995] (II) modeset(0): Modeline "1680x1050"x60.0  146.25  1680 1784 1960 2240  1050 1053 1059 1089 -hsync +vsync (65.3 kHz e)
[    13.995] (II) modeset(0): Modeline "1400x1050"x60.0  121.75  1400 1488 1632 1864  1050 1053 1057 1089 -hsync +vsync (65.3 kHz e)
[    13.995] (II) modeset(0): Modeline "1280x1024"x60.0  108.00  1280 1328 1440 1688  1024 1025 1028 1066 +hsync +vsync (64.0 kHz e)
[    13.995] (II) modeset(0): Modeline "1440x900"x59.9  106.50  1440 1520 1672 1904  900 903 909 934 -hsync +vsync (55.9 kHz e)
[    13.995] (II) modeset(0): Modeline "1280x960"x60.0  108.00  1280 1376 1488 1800  960 961 964 1000 +hsync +vsync (60.0 kHz e)
[    13.995] (II) modeset(0): Modeline "1360x768"x60.0   85.50  1360 1424 1536 1792  768 771 777 795 +hsync +vsync (47.7 kHz e)
[    13.995] (II) modeset(0): Modeline "1280x768"x59.9   79.50  1280 1344 1472 1664  768 771 778 798 -hsync +vsync (47.8 kHz e)
[    13.995] (II) modeset(0): Modeline "1024x768"x60.0   65.00  1024 1048 1184 1344  768 771 777 806 -hsync -vsync (48.4 kHz e)
[    13.995] (II) modeset(0): Modeline "800x600"x60.3   40.00  800 840 968 1056  600 601 605 628 +hsync +vsync (37.9 kHz e)
[    13.995] (II) modeset(0): Modeline "640x480"x60.0   25.20  640 656 752 800  480 490 492 525 -hsync -vsync (31.5 kHz e)
[    13.995] (II) modeset(0): Modeline "640x480"x59.9   25.18  640 656 752 800  480 490 492 525 -hsync -vsync (31.5 kHz e)
[    13.995] (II) modeset(0): Output Virtual-1 connected
[    13.995] (II) modeset(0): Using exact sizes for initial modes
[    13.995] (II) modeset(0): Output Virtual-1 using initial mode 1280x800 +0+0
[    13.995] (==) modeset(0): Using gamma correction (1.0, 1.0, 1.0)
[    13.995] (==) modeset(0): DPI set to (96, 96)
[    13.995] (II) Loading sub module "fb"
[    13.995] (II) LoadModule: "fb"
[    13.995] (II) Module "fb" already built-in
[    13.995] (II) UnloadModule: "fbdev"
[    13.995] (II) Unloading fbdev
[    13.995] (II) UnloadSubModule: "fbdevhw"
[    13.995] (II) Unloading fbdevhw
[    14.022] (==) modeset(0): Backing store enabled
[    14.022] (==) modeset(0): Silken mouse enabled
[    14.022] (II) modeset(0): Initializing kms color map for depth 24, 8 bpc.
[    14.022] (==) modeset(0): DPMS enabled
[    14.022] (II) modeset(0): [DRI2] Setup complete
[    14.022] (II) modeset(0): [DRI2]   DRI driver: virtio_gpu
[    14.023] (II) modeset(0): [DRI2]   VDPAU driver: virtio_gpu
[    14.023] (II) Initializing extension Generic Event Extension
[    14.023] (II) Initializing extension SHAPE
[    14.023] (II) Initializing extension MIT-SHM
[    14.023] (II) Initializing extension XInputExtension
[    14.023] (II) Initializing extension XTEST
[    14.023] (II) Initializing extension BIG-REQUESTS
[    14.023] (II) Initializing extension SYNC
[    14.023] (II) Initializing extension XKEYBOARD
[    14.023] (II) Initializing extension XC-MISC
[    14.023] (II) Initializing extension SECURITY
[    14.023] (II) Initializing extension XFIXES
[    14.023] (II) Initializing extension RENDER
[    14.023] (II) Initializing extension RANDR
[    14.023] (II) Initializing extension COMPOSITE
[    14.024] (II) Initializing extension DAMAGE
[    14.024] (II) Initializing extension MIT-SCREEN-SAVER
[    14.024] (II) Initializing extension DOUBLE-BUFFER
[    14.024] (II) Initializing extension RECORD
[    14.024] (II) Initializing extension DPMS
[    14.024] (II) Initializing extension Present
[    14.024] (II) Initializing extension DRI3
[    14.024] (II) Initializing extension X-Resource
[    14.024] (II) Initializing extension XVideo
[    14.024] (II) Initializing extension XVideo-MotionCompensation
[    14.024] (II) Initializing extension GLX
[    14.033] (II) AIGLX: Loaded and initialized virtio_gpu
[    14.033] (II) GLX: Initialized DRI2 GL provider for screen 0
[    14.033] (II) Initializing extension XFree86-VidModeExtension
[    14.033] (II) Initializing extension XFree86-DGA
[    14.033] (II) Initializing extension XFree86-DRI
[    14.033] (II) Initializing extension DRI2
[    14.034] (II) modeset(0): Damage tracking initialized
[    14.034] (II) modeset(0): Setting screen physical size to 338 x 211
[    14.079] (II) config/udev: Adding input device Power Button (/dev/input/event2)
[    14.079] (**) Power Button: Applying InputClass "Keyboard catchall"
[    14.079] (**) Power Button: Applying InputClass "evdev keyboard catchall"
[    14.079] (**) Power Button: Applying InputClass "libinput keyboard catchall"
[    14.079] (II) LoadModule: "libinput"
[    14.080] (II) Loading /nix/store/f83gbb2wmwmxg3c920iircg4r145jl6a-xf86-input-libinput-1.5.0/lib/xorg/modules/input/libinput_drv.so
[    14.084] (II) Module libinput: vendor="X.Org Foundation"
[    14.084] 	compiled for 1.21.1.18, module version = 1.5.0
[    14.084] 	Module class: X.Org XInput Driver
[    14.084] 	ABI class: X.Org XInput driver, version 24.4
[    14.084] (II) Using input driver 'libinput' for 'Power Button'
[    14.085] (II) systemd-logind: got fd for /dev/input/event2 13:66 fd 27 paused 0
[    14.085] (**) Power Button: always reports core events
[    14.085] (**) Option "Device" "/dev/input/event2"
[    14.093] (II) event2  - Power Button: is tagged by udev as: Keyboard
[    14.093] (II) event2  - Power Button: device is a keyboard
[    14.093] (II) event2  - Power Button: device removed
[    14.093] (**) Option "config_info" "udev:/sys/devices/LNXSYSTM:00/LNXPWRBN:00/input/input3/event2"
[    14.093] (II) XINPUT: Adding extended input device "Power Button" (type: KEYBOARD, id 6)
[    14.093] (**) Option "xkb_model" "pc104"
[    14.093] (**) Option "xkb_layout" "us"
[    14.093] (WW) Option "xkb_variant" requires a string value
[    14.093] (**) Option "xkb_options" "terminate:ctrl_alt_bksp"
[    14.107] (II) event2  - Power Button: is tagged by udev as: Keyboard
[    14.107] (II) event2  - Power Button: device is a keyboard
[    14.108] (II) config/udev: Adding input device QEMU QEMU USB Tablet (/dev/input/event1)
[    14.108] (**) QEMU QEMU USB Tablet: Applying InputClass "evdev pointer catchall"
[    14.108] (**) QEMU QEMU USB Tablet: Applying InputClass "libinput pointer catchall"
[    14.108] (**) QEMU QEMU USB Tablet: Applying InputClass "libinput mouse configuration"
[    14.108] (II) Using input driver 'libinput' for 'QEMU QEMU USB Tablet'
[    14.254] (II) systemd-logind: got fd for /dev/input/event1 13:65 fd 30 paused 0
[    14.254] (**) QEMU QEMU USB Tablet: always reports core events
[    14.254] (**) Option "Device" "/dev/input/event1"
[    14.257] (II) event1  - QEMU QEMU USB Tablet: is tagged by udev as: Mouse
[    14.257] (II) event1  - QEMU QEMU USB Tablet: device is a pointer
[    14.257] (II) event1  - QEMU QEMU USB Tablet: device removed
[    14.257] (**) Option "NaturalScrolling" "off"
[    14.257] (**) Option "SendEventsMode" "enabled"
[    14.257] (**) Option "LeftHanded" "off"
[    14.257] (**) Option "MiddleEmulation" "on"
[    14.257] (**) Option "HorizontalScrolling" "on"
[    14.257] (**) Option "config_info" "udev:/sys/devices/pci0000:00/0000:00:02.1/0000:02:00.0/usb1/1-1/1-1:1.0/0003:0627:0001.0001/input/input2/event1"
[    14.258] (II) XINPUT: Adding extended input device "QEMU QEMU USB Tablet" (type: MOUSE, id 7)
[    14.258] (**) Option "AccelerationScheme" "none"
[    14.258] (**) QEMU QEMU USB Tablet: (accel) selected scheme none/0
[    14.258] (**) QEMU QEMU USB Tablet: (accel) acceleration factor: 2.000
[    14.258] (**) QEMU QEMU USB Tablet: (accel) acceleration threshold: 4
[    14.260] (II) event1  - QEMU QEMU USB Tablet: is tagged by udev as: Mouse
[    14.260] (II) event1  - QEMU QEMU USB Tablet: device is a pointer
[    14.261] (II) config/udev: Adding input device QEMU QEMU USB Tablet (/dev/input/mouse0)
[    14.261] (II) No input driver specified, ignoring this device.
[    14.261] (II) This device may have been added with another device file.
[    14.261] (II) config/udev: Adding input device AT Translated Set 2 keyboard (/dev/input/event0)
[    14.261] (**) AT Translated Set 2 keyboard: Applying InputClass "Keyboard catchall"
[    14.261] (**) AT Translated Set 2 keyboard: Applying InputClass "evdev keyboard catchall"
[    14.261] (**) AT Translated Set 2 keyboard: Applying InputClass "libinput keyboard catchall"
[    14.261] (II) Using input driver 'libinput' for 'AT Translated Set 2 keyboard'
[    14.263] (II) systemd-logind: got fd for /dev/input/event0 13:64 fd 31 paused 0
[    14.263] (**) AT Translated Set 2 keyboard: always reports core events
[    14.263] (**) Option "Device" "/dev/input/event0"
[    14.264] (II) event0  - AT Translated Set 2 keyboard: is tagged by udev as: Keyboard
[    14.264] (II) event0  - AT Translated Set 2 keyboard: device is a keyboard
[    14.265] (II) event0  - AT Translated Set 2 keyboard: device removed
[    14.265] (**) Option "config_info" "udev:/sys/devices/platform/i8042/serio0/input/input0/event0"
[    14.265] (II) XINPUT: Adding extended input device "AT Translated Set 2 keyboard" (type: KEYBOARD, id 8)
[    14.265] (**) Option "xkb_model" "pc104"
[    14.265] (**) Option "xkb_layout" "us"
[    14.265] (WW) Option "xkb_variant" requires a string value
[    14.265] (**) Option "xkb_options" "terminate:ctrl_alt_bksp"
[    14.266] (II) event0  - AT Translated Set 2 keyboard: is tagged by udev as: Keyboard
[    14.266] (II) event0  - AT Translated Set 2 keyboard: device is a keyboard
[    14.266] (II) config/udev: Adding input device ImExPS/2 Generic Explorer Mouse (/dev/input/event3)
[    14.266] (**) ImExPS/2 Generic Explorer Mouse: Applying InputClass "evdev pointer catchall"
[    14.266] (**) ImExPS/2 Generic Explorer Mouse: Applying InputClass "libinput pointer catchall"
[    14.266] (**) ImExPS/2 Generic Explorer Mouse: Applying InputClass "libinput mouse configuration"
[    14.267] (II) Using input driver 'libinput' for 'ImExPS/2 Generic Explorer Mouse'
[    14.268] (II) systemd-logind: got fd for /dev/input/event3 13:67 fd 32 paused 0
[    14.268] (**) ImExPS/2 Generic Explorer Mouse: always reports core events
[    14.268] (**) Option "Device" "/dev/input/event3"
[    14.269] (II) event3  - ImExPS/2 Generic Explorer Mouse: is tagged by udev as: Mouse
[    14.269] (II) event3  - ImExPS/2 Generic Explorer Mouse: device is a pointer
[    14.269] (II) event3  - ImExPS/2 Generic Explorer Mouse: device removed
[    14.269] (**) Option "AccelProfile" "adaptive"
[    14.269] (II) libinput: ImExPS/2 Generic Explorer Mouse: Step value 0 was provided, libinput Fallback acceleration function is used.
[    14.269] (II) libinput: ImExPS/2 Generic Explorer Mouse: Step value 0 was provided, libinput Fallback acceleration function is used.
[    14.269] (II) libinput: ImExPS/2 Generic Explorer Mouse: Step value 0 was provided, libinput Fallback acceleration function is used.
[    14.269] (**) Option "NaturalScrolling" "off"
[    14.269] (**) Option "SendEventsMode" "enabled"
[    14.269] (**) Option "LeftHanded" "off"
[    14.269] (**) Option "ScrollMethod" "twofinger"
[    14.269] (**) Option "MiddleEmulation" "on"
[    14.269] (**) Option "HorizontalScrolling" "on"
[    14.269] (**) Option "config_info" "udev:/sys/devices/platform/i8042/serio1/input/input4/event3"
[    14.269] (II) XINPUT: Adding extended input device "ImExPS/2 Generic Explorer Mouse" (type: MOUSE, id 9)
[    14.269] (EE) libinput: ImExPS/2 Generic Explorer Mouse: Failed to set scroll to twofinger
[    14.269] (**) Option "AccelerationScheme" "none"
[    14.269] (**) ImExPS/2 Generic Explorer Mouse: (accel) selected scheme none/0
[    14.269] (**) ImExPS/2 Generic Explorer Mouse: (accel) acceleration factor: 2.000
[    14.269] (**) ImExPS/2 Generic Explorer Mouse: (accel) acceleration threshold: 4
[    14.270] (II) event3  - ImExPS/2 Generic Explorer Mouse: is tagged by udev as: Mouse
[    14.270] (II) event3  - ImExPS/2 Generic Explorer Mouse: device is a pointer
[    14.270] (EE) libinput: ImExPS/2 Generic Explorer Mouse: Failed to set scroll to twofinger
[    14.270] (II) config/udev: Adding input device ImExPS/2 Generic Explorer Mouse (/dev/input/mouse1)
[    14.270] (II) No input driver specified, ignoring this device.
[    14.270] (II) This device may have been added with another device file.
[    14.362] (II) modeset(0): Allocate new frame buffer 1920x1080 stride
